<?xml version="1.0" encoding="UTF-8"?>
<!-- Generated by org.testng.reporters.JUnitReportReporter -->
<testsuite hostname="LAPTOP-TK04FDR9" failures="0" tests="1" name="DemoScript.DemoLogin" time="3.339" errors="0" timestamp="2025-09-22T10:17:52 IST" skipped="0">
  <testcase classname="DemoScript.DemoLogin" name="login_ValidUsernameInvalidPassword" time="3.339"/>
</testsuite> <!-- DemoScript.DemoLogin -->
