<?xml version="1.0" encoding="UTF-8"?>
<!-- Generated by org.testng.reporters.JUnitReportReporter -->
<testsuite hostname="LAPTOP-TK04FDR9" failures="0" tests="1" name="testscript.NewsTest" time="8.579" errors="0" timestamp="2025-10-17T09:18:12 IST" skipped="0">
  <testcase classname="testscript.NewsTest" name="verifyTheUserIsAbleToCreateTheNews" time="8.579"/>
</testsuite> <!-- testscript.NewsTest -->
