<?xml version="1.0" encoding="UTF-8"?>
<!-- Generated by org.testng.reporters.JUnitReportReporter -->
<testsuite hostname="LAPTOP-TK04FDR9" failures="0" tests="1" name="testscript.DemoLogin" time="3.723" errors="0" timestamp="2025-09-23T10:21:15 IST" skipped="0">
  <testcase classname="testscript.DemoLogin" name="login_ValidUsernameAndPassword" time="3.723"/>
</testsuite> <!-- testscript.DemoLogin -->
